Go-Ubiquitous-Master/app/manifest-merger-release-report.txt
-- Merging decision tree log ---
manifest
ADDED from AndroidManifest.xml:2:1
	xmlns:android
		ADDED from AndroidManifest.xml:2:11
	package
		ADDED from AndroidManifest.xml:3:5
		INJECTED from AndroidManifest.xml:0:0
		INJECTED from AndroidManifest.xml:0:0
	android:versionName
		INJECTED from AndroidManifest.xml:0:0
		INJECTED from AndroidManifest.xml:0:0
	android:versionCode
		INJECTED from AndroidManifest.xml:0:0
		INJECTED from AndroidManifest.xml:0:0
uses-feature#android.hardware.type.watch
ADDED from AndroidManifest.xml:5:5
	android:name
		ADDED from AndroidManifest.xml:5:19
uses-permission#com.google.android.permission.PROVIDE_BACKGROUND
ADDED from AndroidManifest.xml:8:5
	android:name
		ADDED from AndroidManifest.xml:8:22
uses-permission#android.permission.WAKE_LOCK
ADDED from AndroidManifest.xml:9:5
	android:name
		ADDED from AndroidManifest.xml:9:22
application
ADDED from AndroidManifest.xml:11:5
MERGED from com.google.android.support:wearable:1.3.0:8:5
MERGED from com.android.support:recyclerview-v7:22.0.0:22:5
MERGED from com.android.support:support-v4:23.0.0:22:5
MERGED from com.android.support:support-v4:23.0.0:22:5
MERGED from com.google.android.gms:play-services-wearable:7.8.0:19:5
MERGED from com.google.android.gms:play-services-base:7.8.0:20:5
MERGED from com.android.support:support-v4:23.0.0:22:5
MERGED from com.android.support:palette-v7:23.0.0:22:5
MERGED from com.android.support:support-v4:23.0.0:22:5
	android:label
		ADDED from AndroidManifest.xml:14:9
	android:allowBackup
		ADDED from AndroidManifest.xml:12:9
	android:icon
		ADDED from AndroidManifest.xml:13:9
	android:theme
		ADDED from AndroidManifest.xml:15:9
service#com.example.android.sunshine.app.SunshineWatchFace
ADDED from AndroidManifest.xml:16:9
	android:label
		ADDED from AndroidManifest.xml:18:13
	android:permission
		ADDED from AndroidManifest.xml:19:13
	android:name
		ADDED from AndroidManifest.xml:17:13
meta-data#android.service.wallpaper
ADDED from AndroidManifest.xml:20:13
	android:resource
		ADDED from AndroidManifest.xml:22:17
	android:name
		ADDED from AndroidManifest.xml:21:17
meta-data#com.google.android.wearable.watchface.preview
ADDED from AndroidManifest.xml:23:13
	android:resource
		ADDED from AndroidManifest.xml:25:17
	android:name
		ADDED from AndroidManifest.xml:24:17
meta-data#com.google.android.wearable.watchface.preview_circular
ADDED from AndroidManifest.xml:26:13
	android:resource
		ADDED from AndroidManifest.xml:28:17
	android:name
		ADDED from AndroidManifest.xml:27:17
intent-filter#android.service.wallpaper.WallpaperService+com.google.android.wearable.watchface.category.WATCH_FACE
ADDED from AndroidManifest.xml:30:13
action#android.service.wallpaper.WallpaperService
ADDED from AndroidManifest.xml:31:17
	android:name
		ADDED from AndroidManifest.xml:31:25
category#com.google.android.wearable.watchface.category.WATCH_FACE
ADDED from AndroidManifest.xml:33:17
	android:name
		ADDED from AndroidManifest.xml:33:27
meta-data#com.google.android.gms.version
ADDED from AndroidManifest.xml:37:9
MERGED from com.google.android.gms:play-services-base:7.8.0:21:9
	android:name
		ADDED from AndroidManifest.xml:38:13
	android:value
		ADDED from AndroidManifest.xml:39:13
uses-sdk
INJECTED from AndroidManifest.xml:0:0 reason: use-sdk injection requested
MERGED from com.google.android.support:wearable:1.3.0:4:5
MERGED from com.android.support:recyclerview-v7:22.0.0:20:5
MERGED from com.android.support:support-v4:23.0.0:20:5
MERGED from com.android.support:support-v4:23.0.0:20:5
MERGED from com.google.android.gms:play-services-wearable:7.8.0:18:5
MERGED from com.google.android.gms:play-services-base:7.8.0:18:5
MERGED from com.android.support:support-v4:23.0.0:20:5
MERGED from com.android.support:palette-v7:23.0.0:20:5
MERGED from com.android.support:support-v4:23.0.0:20:5
	android:targetSdkVersion
		INJECTED from AndroidManifest.xml:0:0
		INJECTED from AndroidManifest.xml:0:0
	android:minSdkVersion
		INJECTED from AndroidManifest.xml:0:0
		INJECTED from AndroidManifest.xml:0:0
activity#android.support.v7.widget.TestActivity
ADDED from com.android.support:recyclerview-v7:22.0.0:23:9
	android:label
		ADDED from com.android.support:recyclerview-v7:22.0.0:25:13
	android:name
		ADDED from com.android.support:recyclerview-v7:22.0.0:24:13